# JRE version: Java(TM) SE Runtime Environment (8.0_101-b13) (build 1.8.0_101-b13)
# Java VM: Java HotSpot(TM) 64-Bit Server VM (25.101-b13 mixed mode bsd-amd64 compressed oops)
Heap:
 PSYoungGen      total 429568K, used 133649K [0x0000000795580000, 0x00000007bf780000, 0x00000007c0000000)
  eden space 425984K, 31% used [0x0000000795580000,0x000000079d7e44b8,0x00000007af580000)
  from space 3584K, 3% used [0x00000007af580000,0x00000007af5a0000,0x00000007af900000)
  to   space 4096K, 0% used [0x00000007bf380000,0x00000007bf380000,0x00000007bf780000)
 ParOldGen       total 87552K, used 7158K [0x0000000740000000, 0x0000000745580000, 0x0000000795580000)
  object space 87552K, 8% used [0x0000000740000000,0x00000007406fda18,0x0000000745580000)
 Metaspace       used 14615K, capacity 15250K, committed 15488K, reserved 1062912K
  class space    used 1964K, capacity 2122K, committed 2176K, reserved 1048576K
GC Heap History (10 events):
Event: 1.838 GC heap before
{Heap before GC invocations=7 (full 0):
 PSYoungGen      total 136192K, used 135866K [0x0000000795580000, 0x000000079dd80000, 0x00000007c0000000)
  eden space 133120K, 100% used [0x0000000795580000,0x000000079d780000,0x000000079d780000)
  from space 3072K, 89% used [0x000000079da80000,0x000000079dd2ebc0,0x000000079dd80000)
  to   space 3072K, 0% used [0x000000079d780000,0x000000079d780000,0x000000079da80000)
 ParOldGen       total 87552K, used 40K [0x0000000740000000, 0x0000000745580000, 0x0000000795580000)
  object space 87552K, 0% used [0x0000000740000000,0x000000074000a000,0x0000000745580000)
 Metaspace       used 9082K, capacity 9384K, committed 9600K, reserved 1056768K
  class space    used 1189K, capacity 1293K, committed 1408K, reserved 1048576K
Event: 1.843 GC heap after
Heap after GC invocations=7 (full 0):
 PSYoungGen      total 136192K, used 160K [0x0000000795580000, 0x00000007a6080000, 0x00000007c0000000)
  eden space 133120K, 0% used [0x0000000795580000,0x0000000795580000,0x000000079d780000)
  from space 3072K, 5% used [0x000000079d780000,0x000000079d7a8000,0x000000079da80000)
  to   space 3584K, 0% used [0x00000007a5d00000,0x00000007a5d00000,0x00000007a6080000)
 ParOldGen       total 87552K, used 2691K [0x0000000740000000, 0x0000000745580000, 0x0000000795580000)
  object space 87552K, 3% used [0x0000000740000000,0x00000007402a0c20,0x0000000745580000)
 Metaspace       used 9082K, capacity 9384K, committed 9600K, reserved 1056768K
  class space    used 1189K, capacity 1293K, committed 1408K, reserved 1048576K
}
Event: 2.827 GC heap before
{Heap before GC invocations=8 (full 0):
 PSYoungGen      total 136192K, used 133280K [0x0000000795580000, 0x00000007a6080000, 0x00000007c0000000)
  eden space 133120K, 100% used [0x0000000795580000,0x000000079d780000,0x000000079d780000)
  from space 3072K, 5% used [0x000000079d780000,0x000000079d7a8000,0x000000079da80000)
  to   space 3584K, 0% used [0x00000007a5d00000,0x00000007a5d00000,0x00000007a6080000)
 ParOldGen       total 87552K, used 2691K [0x0000000740000000, 0x0000000745580000, 0x0000000795580000)
  object space 87552K, 3% used [0x0000000740000000,0x00000007402a0c20,0x0000000745580000)
 Metaspace       used 13100K, capacity 13550K, committed 13824K, reserved 1060864K
  class space    used 1825K, capacity 1970K, committed 2048K, reserved 1048576K
Event: 2.831 GC heap after
Heap after GC invocations=8 (full 0):
 PSYoungGen      total 269824K, used 1906K [0x0000000795580000, 0x00000007a6080000, 0x00000007c0000000)
  eden space 266240K, 0% used [0x0000000795580000,0x0000000795580000,0x00000007a5980000)
  from space 3584K, 53% used [0x00000007a5d00000,0x00000007a5edca80,0x00000007a6080000)
  to   space 3584K, 0% used [0x00000007a5980000,0x00000007a5980000,0x00000007a5d00000)
 ParOldGen       total 87552K, used 2723K [0x0000000740000000, 0x0000000745580000, 0x0000000795580000)
  object space 87552K, 3% used [0x0000000740000000,0x00000007402a8c20,0x0000000745580000)
 Metaspace       used 13100K, capacity 13550K, committed 13824K, reserved 1060864K
  class space    used 1825K, capacity 1970K, committed 2048K, reserved 1048576K
}
Event: 5.229 GC heap before
{Heap before GC invocations=9 (full 0):
 PSYoungGen      total 269824K, used 268146K [0x0000000795580000, 0x00000007a6080000, 0x00000007c0000000)
  eden space 266240K, 100% used [0x0000000795580000,0x00000007a5980000,0x00000007a5980000)
  from space 3584K, 53% used [0x00000007a5d00000,0x00000007a5edca80,0x00000007a6080000)
  to   space 3584K, 0% used [0x00000007a5980000,0x00000007a5980000,0x00000007a5d00000)
 ParOldGen       total 87552K, used 2723K [0x0000000740000000, 0x0000000745580000, 0x0000000795580000)
  object space 87552K, 3% used [0x0000000740000000,0x00000007402a8c20,0x0000000745580000)
 Metaspace       used 14123K, capacity 14656K, committed 14976K, reserved 1062912K
  class space    used 1946K, capacity 2101K, committed 2176K, reserved 1048576K
Event: 5.235 GC heap after
Heap after GC invocations=9 (full 0):
 PSYoungGen      total 269824K, used 3026K [0x0000000795580000, 0x00000007afc80000, 0x00000007c0000000)
  eden space 266240K, 0% used [0x0000000795580000,0x0000000795580000,0x00000007a5980000)
  from space 3584K, 84% used [0x00000007a5980000,0x00000007a5c74a90,0x00000007a5d00000)
  to   space 3584K, 0% used [0x00000007af900000,0x00000007af900000,0x00000007afc80000)
 ParOldGen       total 87552K, used 4123K [0x0000000740000000, 0x0000000745580000, 0x0000000795580000)
  object space 87552K, 4% used [0x0000000740000000,0x0000000740406c30,0x0000000745580000)
 Metaspace       used 14123K, capacity 14656K, committed 14976K, reserved 1062912K
  class space    used 1946K, capacity 2101K, committed 2176K, reserved 1048576K
}
Event: 8.266 GC heap before
{Heap before GC invocations=10 (full 0):
 PSYoungGen      total 269824K, used 269266K [0x0000000795580000, 0x00000007afc80000, 0x00000007c0000000)
  eden space 266240K, 100% used [0x0000000795580000,0x00000007a5980000,0x00000007a5980000)
  from space 3584K, 84% used [0x00000007a5980000,0x00000007a5c74a90,0x00000007a5d00000)
  to   space 3584K, 0% used [0x00000007af900000,0x00000007af900000,0x00000007afc80000)
 ParOldGen       total 87552K, used 4123K [0x0000000740000000, 0x0000000745580000, 0x0000000795580000)
  object space 87552K, 4% used [0x0000000740000000,0x0000000740406c30,0x0000000745580000)
 Metaspace       used 14368K, capacity 14944K, committed 15232K, reserved 1062912K
  class space    used 1955K, capacity 2111K, committed 2176K, reserved 1048576K
Event: 8.271 GC heap after
Heap after GC invocations=10 (full 0):
 PSYoungGen      total 429568K, used 1376K [0x0000000795580000, 0x00000007afc80000, 0x00000007c0000000)
  eden space 425984K, 0% used [0x0000000795580000,0x0000000795580000,0x00000007af580000)
  from space 3584K, 38% used [0x00000007af900000,0x00000007afa58010,0x00000007afc80000)
  to   space 3584K, 0% used [0x00000007af580000,0x00000007af580000,0x00000007af900000)
 ParOldGen       total 87552K, used 5878K [0x0000000740000000, 0x0000000745580000, 0x0000000795580000)
  object space 87552K, 6% used [0x0000000740000000,0x00000007405bd9f8,0x0000000745580000)
 Metaspace       used 14368K, capacity 14944K, committed 15232K, reserved 1062912K
  class space    used 1955K, capacity 2111K, committed 2176K, reserved 1048576K
}
Event: 11.863 GC heap before
{Heap before GC invocations=11 (full 0):
 PSYoungGen      total 429568K, used 427360K [0x0000000795580000, 0x00000007afc80000, 0x00000007c0000000)
  eden space 425984K, 100% used [0x0000000795580000,0x00000007af580000,0x00000007af580000)
  from space 3584K, 38% used [0x00000007af900000,0x00000007afa58010,0x00000007afc80000)
  to   space 3584K, 0% used [0x00000007af580000,0x00000007af580000,0x00000007af900000)
 ParOldGen       total 87552K, used 5878K [0x0000000740000000, 0x0000000745580000, 0x0000000795580000)
  object space 87552K, 6% used [0x0000000740000000,0x00000007405bd9f8,0x0000000745580000)
 Metaspace       used 14531K, capacity 15072K, committed 15232K, reserved 1062912K
  class space    used 1955K, capacity 2111K, committed 2176K, reserved 1048576K
Event: 11.866 GC heap after
Heap after GC invocations=11 (full 0):
 PSYoungGen      total 429568K, used 128K [0x0000000795580000, 0x00000007bf780000, 0x00000007c0000000)
  eden space 425984K, 0% used [0x0000000795580000,0x0000000795580000,0x00000007af580000)
  from space 3584K, 3% used [0x00000007af580000,0x00000007af5a0000,0x00000007af900000)
  to   space 4096K, 0% used [0x00000007bf380000,0x00000007bf380000,0x00000007bf780000)
 ParOldGen       total 87552K, used 7158K [0x0000000740000000, 0x0000000745580000, 0x0000000795580000)
  object space 87552K, 8% used [0x0000000740000000,0x00000007406fda18,0x0000000745580000)
 Metaspace       used 14531K, capacity 15072K, committed 15232K, reserved 1062912K
  class space    used 1955K, capacity 2111K, committed 2176K, reserved 1048576K
}

