# JRE version: Java(TM) SE Runtime Environment (8.0_101-b13) (build 1.8.0_101-b13)
# Java VM: Java HotSpot(TM) 64-Bit Server VM (25.101-b13 mixed mode bsd-amd64 compressed oops)
Heap:
 PSYoungGen      total 137216K, used 55727K [0x0000000795580000, 0x00000007a6180000, 0x00000007c0000000)
  eden space 133120K, 39% used [0x0000000795580000,0x0000000798851200,0x000000079d780000)
  from space 4096K, 90% used [0x000000079d780000,0x000000079db1aaa0,0x000000079db80000)
  to   space 4096K, 0% used [0x00000007a5d80000,0x00000007a5d80000,0x00000007a6180000)
 ParOldGen       total 87552K, used 4863K [0x0000000740000000, 0x0000000745580000, 0x0000000795580000)
  object space 87552K, 5% used [0x0000000740000000,0x00000007404bfc30,0x0000000745580000)
 Metaspace       used 14574K, capacity 15240K, committed 15488K, reserved 1062912K
  class space    used 1984K, capacity 2134K, committed 2176K, reserved 1048576K
GC Heap History (10 events):
Event: 1.148 GC heap before
{Heap before GC invocations=3 (full 0):
 PSYoungGen      total 38400K, used 36858K [0x0000000795580000, 0x000000079a080000, 0x00000007c0000000)
  eden space 33280K, 100% used [0x0000000795580000,0x0000000797600000,0x0000000797600000)
  from space 5120K, 69% used [0x0000000797b00000,0x0000000797e7ebe0,0x0000000798000000)
  to   space 5120K, 0% used [0x0000000797600000,0x0000000797600000,0x0000000797b00000)
 ParOldGen       total 87552K, used 16K [0x0000000740000000, 0x0000000745580000, 0x0000000795580000)
  object space 87552K, 0% used [0x0000000740000000,0x0000000740004000,0x0000000745580000)
 Metaspace       used 9865K, capacity 10266K, committed 10496K, reserved 1058816K
  class space    used 1329K, capacity 1436K, committed 1536K, reserved 1048576K
Event: 1.152 GC heap after
Heap after GC invocations=3 (full 0):
 PSYoungGen      total 38400K, used 3546K [0x0000000795580000, 0x000000079a080000, 0x00000007c0000000)
  eden space 33280K, 0% used [0x0000000795580000,0x0000000795580000,0x0000000797600000)
  from space 5120K, 69% used [0x0000000797600000,0x0000000797976be0,0x0000000797b00000)
  to   space 5120K, 0% used [0x0000000799b80000,0x0000000799b80000,0x000000079a080000)
 ParOldGen       total 87552K, used 24K [0x0000000740000000, 0x0000000745580000, 0x0000000795580000)
  object space 87552K, 0% used [0x0000000740000000,0x0000000740006000,0x0000000745580000)
 Metaspace       used 9865K, capacity 10266K, committed 10496K, reserved 1058816K
  class space    used 1329K, capacity 1436K, committed 1536K, reserved 1048576K
}
Event: 1.273 GC heap before
{Heap before GC invocations=4 (full 0):
 PSYoungGen      total 38400K, used 36826K [0x0000000795580000, 0x000000079a080000, 0x00000007c0000000)
  eden space 33280K, 100% used [0x0000000795580000,0x0000000797600000,0x0000000797600000)
  from space 5120K, 69% used [0x0000000797600000,0x0000000797976be0,0x0000000797b00000)
  to   space 5120K, 0% used [0x0000000799b80000,0x0000000799b80000,0x000000079a080000)
 ParOldGen       total 87552K, used 24K [0x0000000740000000, 0x0000000745580000, 0x0000000795580000)
  object space 87552K, 0% used [0x0000000740000000,0x0000000740006000,0x0000000745580000)
 Metaspace       used 9890K, capacity 10268K, committed 10496K, reserved 1058816K
  class space    used 1333K, capacity 1438K, committed 1536K, reserved 1048576K
Event: 1.278 GC heap after
Heap after GC invocations=4 (full 0):
 PSYoungGen      total 71680K, used 3610K [0x0000000795580000, 0x000000079a080000, 0x00000007c0000000)
  eden space 66560K, 0% used [0x0000000795580000,0x0000000795580000,0x0000000799680000)
  from space 5120K, 70% used [0x0000000799b80000,0x0000000799f06be0,0x000000079a080000)
  to   space 5120K, 0% used [0x0000000799680000,0x0000000799680000,0x0000000799b80000)
 ParOldGen       total 87552K, used 24K [0x0000000740000000, 0x0000000745580000, 0x0000000795580000)
  object space 87552K, 0% used [0x0000000740000000,0x0000000740006000,0x0000000745580000)
 Metaspace       used 9890K, capacity 10268K, committed 10496K, reserved 1058816K
  class space    used 1333K, capacity 1438K, committed 1536K, reserved 1048576K
}
Event: 1.338 GC heap before
{Heap before GC invocations=5 (full 0):
 PSYoungGen      total 71680K, used 70170K [0x0000000795580000, 0x000000079a080000, 0x00000007c0000000)
  eden space 66560K, 100% used [0x0000000795580000,0x0000000799680000,0x0000000799680000)
  from space 5120K, 70% used [0x0000000799b80000,0x0000000799f06be0,0x000000079a080000)
  to   space 5120K, 0% used [0x0000000799680000,0x0000000799680000,0x0000000799b80000)
 ParOldGen       total 87552K, used 24K [0x0000000740000000, 0x0000000745580000, 0x0000000795580000)
  object space 87552K, 0% used [0x0000000740000000,0x0000000740006000,0x0000000745580000)
 Metaspace       used 9897K, capacity 10268K, committed 10496K, reserved 1058816K
  class space    used 1333K, capacity 1438K, committed 1536K, reserved 1048576K
Event: 1.345 GC heap after
Heap after GC invocations=5 (full 0):
 PSYoungGen      total 71680K, used 3610K [0x0000000795580000, 0x000000079df80000, 0x00000007c0000000)
  eden space 66560K, 0% used [0x0000000795580000,0x0000000795580000,0x0000000799680000)
  from space 5120K, 70% used [0x0000000799680000,0x0000000799a06bc0,0x0000000799b80000)
  to   space 4096K, 0% used [0x000000079db80000,0x000000079db80000,0x000000079df80000)
 ParOldGen       total 87552K, used 32K [0x0000000740000000, 0x0000000745580000, 0x0000000795580000)
  object space 87552K, 0% used [0x0000000740000000,0x0000000740008000,0x0000000745580000)
 Metaspace       used 9897K, capacity 10268K, committed 10496K, reserved 1058816K
  class space    used 1333K, capacity 1438K, committed 1536K, reserved 1048576K
}
Event: 1.433 GC heap before
{Heap before GC invocations=6 (full 0):
 PSYoungGen      total 71680K, used 70170K [0x0000000795580000, 0x000000079df80000, 0x00000007c0000000)
  eden space 66560K, 100% used [0x0000000795580000,0x0000000799680000,0x0000000799680000)
  from space 5120K, 70% used [0x0000000799680000,0x0000000799a06bc0,0x0000000799b80000)
  to   space 4096K, 0% used [0x000000079db80000,0x000000079db80000,0x000000079df80000)
 ParOldGen       total 87552K, used 32K [0x0000000740000000, 0x0000000745580000, 0x0000000795580000)
  object space 87552K, 0% used [0x0000000740000000,0x0000000740008000,0x0000000745580000)
 Metaspace       used 9897K, capacity 10268K, committed 10496K, reserved 1058816K
  class space    used 1333K, capacity 1438K, committed 1536K, reserved 1048576K
Event: 1.437 GC heap after
Heap after GC invocations=6 (full 0):
 PSYoungGen      total 137216K, used 3578K [0x0000000795580000, 0x000000079df80000, 0x00000007c0000000)
  eden space 133120K, 0% used [0x0000000795580000,0x0000000795580000,0x000000079d780000)
  from space 4096K, 87% used [0x000000079db80000,0x000000079defebc0,0x000000079df80000)
  to   space 4096K, 0% used [0x000000079d780000,0x000000079d780000,0x000000079db80000)
 ParOldGen       total 87552K, used 32K [0x0000000740000000, 0x0000000745580000, 0x0000000795580000)
  object space 87552K, 0% used [0x0000000740000000,0x0000000740008000,0x0000000745580000)
 Metaspace       used 9897K, capacity 10268K, committed 10496K, reserved 1058816K
  class space    used 1333K, capacity 1438K, committed 1536K, reserved 1048576K
}
Event: 2.480 GC heap before
{Heap before GC invocations=7 (full 0):
 PSYoungGen      total 137216K, used 136698K [0x0000000795580000, 0x000000079df80000, 0x00000007c0000000)
  eden space 133120K, 100% used [0x0000000795580000,0x000000079d780000,0x000000079d780000)
  from space 4096K, 87% used [0x000000079db80000,0x000000079defebc0,0x000000079df80000)
  to   space 4096K, 0% used [0x000000079d780000,0x000000079d780000,0x000000079db80000)
 ParOldGen       total 87552K, used 32K [0x0000000740000000, 0x0000000745580000, 0x0000000795580000)
  object space 87552K, 0% used [0x0000000740000000,0x0000000740008000,0x0000000745580000)
 Metaspace       used 13553K, capacity 14104K, committed 14464K, reserved 1060864K
  class space    used 1894K, capacity 2052K, committed 2176K, reserved 1048576K
Event: 2.488 GC heap after
Heap after GC invocations=7 (full 0):
 PSYoungGen      total 137216K, used 3690K [0x0000000795580000, 0x00000007a6180000, 0x00000007c0000000)
  eden space 133120K, 0% used [0x0000000795580000,0x0000000795580000,0x000000079d780000)
  from space 4096K, 90% used [0x000000079d780000,0x000000079db1aaa0,0x000000079db80000)
  to   space 4096K, 0% used [0x00000007a5d80000,0x00000007a5d80000,0x00000007a6180000)
 ParOldGen       total 87552K, used 4863K [0x0000000740000000, 0x0000000745580000, 0x0000000795580000)
  object space 87552K, 5% used [0x0000000740000000,0x00000007404bfc30,0x0000000745580000)
 Metaspace       used 13553K, capacity 14104K, committed 14464K, reserved 1060864K
  class space    used 1894K, capacity 2052K, committed 2176K, reserved 1048576K
}

