# JRE version: Java(TM) SE Runtime Environment (8.0_101-b13) (build 1.8.0_101-b13)
# Java VM: Java HotSpot(TM) 64-Bit Server VM (25.101-b13 mixed mode bsd-amd64 compressed oops)
Heap:
 PSYoungGen      total 271360K, used 246209K [0x0000000795580000, 0x00000007a6480000, 0x00000007c0000000)
  eden space 266240K, 91% used [0x0000000795580000,0x00000007a42f7b80,0x00000007a5980000)
  from space 5120K, 59% used [0x00000007a5f80000,0x00000007a6278aa0,0x00000007a6480000)
  to   space 5632K, 0% used [0x00000007a5980000,0x00000007a5980000,0x00000007a5f00000)
 ParOldGen       total 87552K, used 5519K [0x0000000740000000, 0x0000000745580000, 0x0000000795580000)
  object space 87552K, 6% used [0x0000000740000000,0x0000000740563c40,0x0000000745580000)
 Metaspace       used 14451K, capacity 14978K, committed 15232K, reserved 1062912K
  class space    used 1954K, capacity 2112K, committed 2176K, reserved 1048576K
GC Heap History (10 events):
Event: 1.322 GC heap before
{Heap before GC invocations=4 (full 0):
 PSYoungGen      total 38400K, used 36010K [0x0000000795580000, 0x000000079a080000, 0x00000007c0000000)
  eden space 33280K, 100% used [0x0000000795580000,0x0000000797600000,0x0000000797600000)
  from space 5120K, 53% used [0x0000000797600000,0x00000007978aabd0,0x0000000797b00000)
  to   space 5120K, 0% used [0x0000000799b80000,0x0000000799b80000,0x000000079a080000)
 ParOldGen       total 87552K, used 24K [0x0000000740000000, 0x0000000745580000, 0x0000000795580000)
  object space 87552K, 0% used [0x0000000740000000,0x0000000740006000,0x0000000745580000)
 Metaspace       used 9057K, capacity 9396K, committed 9600K, reserved 1056768K
  class space    used 1187K, capacity 1293K, committed 1408K, reserved 1048576K
Event: 1.327 GC heap after
Heap after GC invocations=4 (full 0):
 PSYoungGen      total 71680K, used 2778K [0x0000000795580000, 0x000000079a080000, 0x00000007c0000000)
  eden space 66560K, 0% used [0x0000000795580000,0x0000000795580000,0x0000000799680000)
  from space 5120K, 54% used [0x0000000799b80000,0x0000000799e36bc0,0x000000079a080000)
  to   space 5120K, 0% used [0x0000000799680000,0x0000000799680000,0x0000000799b80000)
 ParOldGen       total 87552K, used 32K [0x0000000740000000, 0x0000000745580000, 0x0000000795580000)
  object space 87552K, 0% used [0x0000000740000000,0x0000000740008000,0x0000000745580000)
 Metaspace       used 9057K, capacity 9396K, committed 9600K, reserved 1056768K
  class space    used 1187K, capacity 1293K, committed 1408K, reserved 1048576K
}
Event: 1.386 GC heap before
{Heap before GC invocations=5 (full 0):
 PSYoungGen      total 71680K, used 69338K [0x0000000795580000, 0x000000079a080000, 0x00000007c0000000)
  eden space 66560K, 100% used [0x0000000795580000,0x0000000799680000,0x0000000799680000)
  from space 5120K, 54% used [0x0000000799b80000,0x0000000799e36bc0,0x000000079a080000)
  to   space 5120K, 0% used [0x0000000799680000,0x0000000799680000,0x0000000799b80000)
 ParOldGen       total 87552K, used 32K [0x0000000740000000, 0x0000000745580000, 0x0000000795580000)
  object space 87552K, 0% used [0x0000000740000000,0x0000000740008000,0x0000000745580000)
 Metaspace       used 9064K, capacity 9396K, committed 9600K, reserved 1056768K
  class space    used 1187K, capacity 1293K, committed 1408K, reserved 1048576K
Event: 1.390 GC heap after
Heap after GC invocations=5 (full 0):
 PSYoungGen      total 71680K, used 2778K [0x0000000795580000, 0x000000079dd80000, 0x00000007c0000000)
  eden space 66560K, 0% used [0x0000000795580000,0x0000000795580000,0x0000000799680000)
  from space 5120K, 54% used [0x0000000799680000,0x0000000799936bc0,0x0000000799b80000)
  to   space 3072K, 0% used [0x000000079da80000,0x000000079da80000,0x000000079dd80000)
 ParOldGen       total 87552K, used 40K [0x0000000740000000, 0x0000000745580000, 0x0000000795580000)
  object space 87552K, 0% used [0x0000000740000000,0x000000074000a000,0x0000000745580000)
 Metaspace       used 9064K, capacity 9396K, committed 9600K, reserved 1056768K
  class space    used 1187K, capacity 1293K, committed 1408K, reserved 1048576K
}
Event: 1.507 GC heap before
{Heap before GC invocations=6 (full 0):
 PSYoungGen      total 71680K, used 69338K [0x0000000795580000, 0x000000079dd80000, 0x00000007c0000000)
  eden space 66560K, 100% used [0x0000000795580000,0x0000000799680000,0x0000000799680000)
  from space 5120K, 54% used [0x0000000799680000,0x0000000799936bc0,0x0000000799b80000)
  to   space 3072K, 0% used [0x000000079da80000,0x000000079da80000,0x000000079dd80000)
 ParOldGen       total 87552K, used 40K [0x0000000740000000, 0x0000000745580000, 0x0000000795580000)
  object space 87552K, 0% used [0x0000000740000000,0x000000074000a000,0x0000000745580000)
 Metaspace       used 9066K, capacity 9396K, committed 9600K, reserved 1056768K
  class space    used 1187K, capacity 1293K, committed 1408K, reserved 1048576K
Event: 1.511 GC heap after
Heap after GC invocations=6 (full 0):
 PSYoungGen      total 136192K, used 2762K [0x0000000795580000, 0x000000079dd80000, 0x00000007c0000000)
  eden space 133120K, 0% used [0x0000000795580000,0x0000000795580000,0x000000079d780000)
  from space 3072K, 89% used [0x000000079da80000,0x000000079dd32bd0,0x000000079dd80000)
  to   space 3072K, 0% used [0x000000079d780000,0x000000079d780000,0x000000079da80000)
 ParOldGen       total 87552K, used 48K [0x0000000740000000, 0x0000000745580000, 0x0000000795580000)
  object space 87552K, 0% used [0x0000000740000000,0x000000074000c000,0x0000000745580000)
 Metaspace       used 9066K, capacity 9396K, committed 9600K, reserved 1056768K
  class space    used 1187K, capacity 1293K, committed 1408K, reserved 1048576K
}
Event: 4.282 GC heap before
{Heap before GC invocations=7 (full 0):
 PSYoungGen      total 136192K, used 135882K [0x0000000795580000, 0x000000079dd80000, 0x00000007c0000000)
  eden space 133120K, 100% used [0x0000000795580000,0x000000079d780000,0x000000079d780000)
  from space 3072K, 89% used [0x000000079da80000,0x000000079dd32bd0,0x000000079dd80000)
  to   space 3072K, 0% used [0x000000079d780000,0x000000079d780000,0x000000079da80000)
 ParOldGen       total 87552K, used 48K [0x0000000740000000, 0x0000000745580000, 0x0000000795580000)
  object space 87552K, 0% used [0x0000000740000000,0x000000074000c000,0x0000000745580000)
 Metaspace       used 14044K, capacity 14540K, committed 14720K, reserved 1062912K
  class space    used 1945K, capacity 2101K, committed 2176K, reserved 1048576K
Event: 4.295 GC heap after
Heap after GC invocations=7 (full 0):
 PSYoungGen      total 136192K, used 3042K [0x0000000795580000, 0x00000007a6580000, 0x00000007c0000000)
  eden space 133120K, 0% used [0x0000000795580000,0x0000000795580000,0x000000079d780000)
  from space 3072K, 99% used [0x000000079d780000,0x000000079da78aa0,0x000000079da80000)
  to   space 6144K, 0% used [0x00000007a5f80000,0x00000007a5f80000,0x00000007a6580000)
 ParOldGen       total 87552K, used 5471K [0x0000000740000000, 0x0000000745580000, 0x0000000795580000)
  object space 87552K, 6% used [0x0000000740000000,0x0000000740557c40,0x0000000745580000)
 Metaspace       used 14044K, capacity 14540K, committed 14720K, reserved 1062912K
  class space    used 1945K, capacity 2101K, committed 2176K, reserved 1048576K
}
Event: 7.285 GC heap before
{Heap before GC invocations=8 (full 0):
 PSYoungGen      total 136192K, used 136162K [0x0000000795580000, 0x00000007a6580000, 0x00000007c0000000)
  eden space 133120K, 100% used [0x0000000795580000,0x000000079d780000,0x000000079d780000)
  from space 3072K, 99% used [0x000000079d780000,0x000000079da78aa0,0x000000079da80000)
  to   space 6144K, 0% used [0x00000007a5f80000,0x00000007a5f80000,0x00000007a6580000)
 ParOldGen       total 87552K, used 5471K [0x0000000740000000, 0x0000000745580000, 0x0000000795580000)
  object space 87552K, 6% used [0x0000000740000000,0x0000000740557c40,0x0000000745580000)
 Metaspace       used 14210K, capacity 14736K, committed 14976K, reserved 1062912K
  class space    used 1945K, capacity 2101K, committed 2176K, reserved 1048576K
Event: 7.289 GC heap after
Heap after GC invocations=8 (full 0):
 PSYoungGen      total 271360K, used 3042K [0x0000000795580000, 0x00000007a6480000, 0x00000007c0000000)
  eden space 266240K, 0% used [0x0000000795580000,0x0000000795580000,0x00000007a5980000)
  from space 5120K, 59% used [0x00000007a5f80000,0x00000007a6278aa0,0x00000007a6480000)
  to   space 5632K, 0% used [0x00000007a5980000,0x00000007a5980000,0x00000007a5f00000)
 ParOldGen       total 87552K, used 5519K [0x0000000740000000, 0x0000000745580000, 0x0000000795580000)
  object space 87552K, 6% used [0x0000000740000000,0x0000000740563c40,0x0000000745580000)
 Metaspace       used 14210K, capacity 14736K, committed 14976K, reserved 1062912K
  class space    used 1945K, capacity 2101K, committed 2176K, reserved 1048576K
}

